Changes detected in configuration. Updating the server image.
Updating the configuration and installing your custom providers, if any. Please wait.
2024-05-22 19:05:57,842 WARN  [org.key.qua.run.cli.Picocli] (main) The following used options or option values are DEPRECATED and will be removed in a future release:
	- proxy: Use proxy-headers.
2024-05-22 19:06:38,435 INFO  [io.qua.dep.QuarkusAugmentor] (main) Quarkus augmentation completed in 33631ms
Server configuration updated and persisted. Run the following command to review the configuration:

	kc.sh show-config

Next time you run the server, just run:

	kc.sh start --hostname-strict=false --hostname-path=/auth --http-port=8081 --proxy=edge --optimized

2024-05-22 19:06:41,522 WARN  [org.keycloak.quarkus.runtime.cli.Picocli] (main) The following used options or option values are DEPRECATED and will be removed in a future release:
	- proxy: Use proxy-headers.
2024-05-22 19:06:46,877 INFO  [org.infinispan.CONTAINER] (keycloak-cache-init) ISPN000556: Starting user marshaller 'org.infinispan.jboss.marshalling.core.JBossUserMarshaller'
2024-05-22 19:06:47,472 INFO  [org.keycloak.quarkus.runtime.hostname.DefaultHostnameProvider] (main) Hostname settings: Base URL: <unset>, Hostname: <request>, Strict HTTPS: false, Path: /auth, Strict BackChannel: false, Admin URL: <unset>, Admin: <request>, Port: -1, Proxied: true
2024-05-22 19:06:47,543 INFO  [org.infinispan.CLUSTER] (keycloak-cache-init) ISPN000088: Unable to use any JGroups configuration mechanisms provided in properties {}. Using default JGroups configuration!
2024-05-22 19:06:47,948 INFO  [org.infinispan.CLUSTER] (keycloak-cache-init) ISPN000078: Starting JGroups channel `ISPN`
2024-05-22 19:06:47,963 INFO  [org.jgroups.JChannel] (keycloak-cache-init) local_addr: 9d423bd6-f2de-4067-bd41-d3321609f747, name: 87ed4b07a9bc-54555
2024-05-22 19:06:47,993 WARN  [org.jgroups.protocols.UDP] (keycloak-cache-init) JGRP000015: the send buffer of socket MulticastSocket was set to 1MB, but the OS only allocated 212.99KB
2024-05-22 19:06:47,994 WARN  [org.jgroups.protocols.UDP] (keycloak-cache-init) JGRP000015: the receive buffer of socket MulticastSocket was set to 20MB, but the OS only allocated 212.99KB
2024-05-22 19:06:47,995 WARN  [org.jgroups.protocols.UDP] (keycloak-cache-init) JGRP000015: the send buffer of socket MulticastSocket was set to 1MB, but the OS only allocated 212.99KB
2024-05-22 19:06:47,996 WARN  [org.jgroups.protocols.UDP] (keycloak-cache-init) JGRP000015: the receive buffer of socket MulticastSocket was set to 25MB, but the OS only allocated 212.99KB
2024-05-22 19:06:48,021 INFO  [org.jgroups.protocols.FD_SOCK2] (keycloak-cache-init) server listening on *.26826
2024-05-22 19:06:50,053 INFO  [org.jgroups.protocols.pbcast.GMS] (keycloak-cache-init) 87ed4b07a9bc-54555: no members discovered after 2005 ms: creating cluster as coordinator
2024-05-22 19:06:50,112 INFO  [org.infinispan.CLUSTER] (keycloak-cache-init) ISPN000094: Received new cluster view for channel ISPN: [87ed4b07a9bc-54555|0] (1) [87ed4b07a9bc-54555]
2024-05-22 19:06:50,252 INFO  [org.infinispan.CLUSTER] (keycloak-cache-init) ISPN000079: Channel `ISPN` local address is `87ed4b07a9bc-54555`, physical addresses are `[172.20.0.2:42362]`
2024-05-22 19:06:50,308 WARN  [org.infinispan.CONFIG] (keycloak-cache-init) ISPN000569: Unable to persist Infinispan internal caches as no global state enabled
2024-05-22 19:06:54,063 WARN  [io.quarkus.agroal.runtime.DataSources] (JPA Startup Thread) Datasource <default> enables XA but transaction recovery is not enabled. Please enable transaction recovery by setting quarkus.transaction-manager.enable-recovery=true, otherwise data may be lost if the application is terminated abruptly
2024-05-22 19:06:57,450 WARN  [io.quarkus.vertx.http.runtime.VertxHttpRecorder] (main) The X-Forwarded-* and Forwarded headers will be considered when determining the proxy address. This configuration can cause a security issue as clients can forge requests and send a forwarded header that is not overwritten by the proxy. Please consider use one of these headers just to forward the proxy address in requests.
2024-05-22 19:06:57,494 INFO  [org.keycloak.broker.provider.AbstractIdentityProviderMapper] (main) Registering class org.keycloak.broker.provider.mappersync.ConfigSyncEventListener
2024-05-22 19:07:00,709 INFO  [org.keycloak.quarkus.runtime.storage.legacy.liquibase.QuarkusJpaUpdaterProvider] (main) Initializing database schema. Using changelog META-INF/jpa-changelog-master.xml

UPDATE SUMMARY
Run:                        121
Previously run:               0
Filtered out:                 0
-------------------------------
Total change sets:          121

2024-05-22 19:07:05,633 INFO  [org.keycloak.connections.infinispan.DefaultInfinispanConnectionProviderFactory] (main) Node name: 87ed4b07a9bc-54555, Site name: null
2024-05-22 19:07:06,172 INFO  [org.keycloak.services] (main) KC-SERVICES0050: Initializing master realm
2024-05-22 19:07:10,723 INFO  [io.quarkus] (main) Keycloak 24.0.0 on JVM (powered by Quarkus 3.8.1) started in 31.604s. Listening on: http://0.0.0.0:8081
2024-05-22 19:07:10,724 INFO  [io.quarkus] (main) Profile prod activated. 
2024-05-22 19:07:10,724 INFO  [io.quarkus] (main) Installed features: [agroal, cdi, hibernate-orm, jdbc-h2, keycloak, logging-gelf, narayana-jta, reactive-routes, resteasy-reactive, resteasy-reactive-jackson, smallrye-context-propagation, vertx]
2024-05-22 19:07:13,013 INFO  [org.keycloak.services] (main) KC-SERVICES0009: Added user 'admin' to realm 'master'
